1616262430.247157 client started (72189): version 3.1c, socket /private/tmp/tmux-501/default, protocol 8
1616262430.247223 on Darwin 19.6.0 Darwin Kernel Version 19.6.0: Thu Oct 29 22:56:45 PDT 2020; root:xnu-6153.141.2.2~1/RELEASE_X86_64; libevent 2.1.12-stable (select)
1616262430.247278 socket is /private/tmp/tmux-501/default
1616262430.247304 trying connect
1616262430.247408 add peer 0x7f9221731000: 6 (0x0)
1616262430.249039 sending message 100 to peer 0x7f9221731000 (4 bytes)
1616262430.249063 sending message 101 to peer 0x7f9221731000 (16 bytes)
1616262430.249075 sending message 102 to peer 0x7f9221731000 (13 bytes)
1616262430.249084 sending message 108 to peer 0x7f9221731000 (20 bytes)
1616262430.249101 sending message 104 to peer 0x7f9221731000 (0 bytes)
1616262430.249110 sending message 107 to peer 0x7f9221731000 (4 bytes)
1616262430.249117 sending message 105 to peer 0x7f9221731000 (11 bytes)
1616262430.249125 sending message 105 to peer 0x7f9221731000 (16 bytes)
1616262430.249133 sending message 105 to peer 0x7f9221731000 (17 bytes)
1616262430.249141 sending message 105 to peer 0x7f9221731000 (12 bytes)
1616262430.249148 sending message 105 to peer 0x7f9221731000 (18 bytes)
1616262430.249156 sending message 105 to peer 0x7f9221731000 (50 bytes)
1616262430.249164 sending message 105 to peer 0x7f9221731000 (24 bytes)
1616262430.249171 sending message 105 to peer 0x7f9221731000 (26 bytes)
1616262430.249179 sending message 105 to peer 0x7f9221731000 (8 bytes)
1616262430.249187 sending message 105 to peer 0x7f9221731000 (66 bytes)
1616262430.249195 sending message 105 to peer 0x7f9221731000 (21 bytes)
1616262430.249202 sending message 105 to peer 0x7f9221731000 (28 bytes)
1616262430.249210 sending message 105 to peer 0x7f9221731000 (25 bytes)
1616262430.249218 sending message 105 to peer 0x7f9221731000 (53 bytes)
1616262430.249226 sending message 105 to peer 0x7f9221731000 (57 bytes)
1616262430.249233 sending message 105 to peer 0x7f9221731000 (43 bytes)
1616262430.249241 sending message 105 to peer 0x7f9221731000 (13 bytes)
1616262430.249249 sending message 105 to peer 0x7f9221731000 (51 bytes)
1616262430.249259 sending message 105 to peer 0x7f9221731000 (9 bytes)
1616262430.249267 sending message 105 to peer 0x7f9221731000 (14 bytes)
1616262430.249275 sending message 105 to peer 0x7f9221731000 (19 bytes)
1616262430.249283 sending message 106 to peer 0x7f9221731000 (0 bytes)
1616262430.249293 sending message 200 to peer 0x7f9221731000 (4 bytes)
1616262430.249301 client loop enter
1616262430.249524 peer 0x7f9221731000 message 303
1616262430.249542 open write file 2 -
1616262430.249574 sending message 305 to peer 0x7f9221731000 (8 bytes)
1616262430.249664 peer 0x7f9221731000 message 304
1616262430.249677 write 58 to file 2
1616262430.249690 peer 0x7f9221731000 message 203
1616262430.249700 file 2 58 bytes left
1616262430.249735 client loop exit
